# JRE version: OpenJDK Runtime Environment Temurin-25.0.2+10 (25.0.2+10) (build 25.0.2+10-LTS)
# Java VM: OpenJDK 64-Bit Server VM Temurin-25.0.2+10 (25.0.2+10-LTS, mixed mode, sharing, tiered, compressed oops, compressed class ptrs, g1 gc, windows-amd64)
GC Precious Log:
 CardTable entry size: 512
 Card Set container configuration: InlinePtr #cards 4 size 8 Array Of Cards #cards 16 size 48 Howl #buckets 8 coarsen threshold 3686 Howl Bitmap #cards 512 size 80 coarsen threshold 460 Card regions per heap region 1 cards per card region 4096
 CPUs: 12 total, 12 available
 Memory: 16027M
 Large Page Support: Disabled
 NUMA Support: Disabled
 Compressed Oops: Enabled (Zero based)
 Heap Region Size: 2M
 Heap Min Capacity: 8M
 Heap Initial Capacity: 252M
 Heap Max Capacity: 4008M
 Pre-touch: Disabled
 Parallel Workers: 10
 Concurrent Workers: 3
 Concurrent Refinement Workers: 10
 Periodic GC: Disabled
 String Deduplication is enabled
Heap:
 garbage-first heap   total reserved 4104192K, committed 450560K, used 215161K [0x0000000705800000, 0x0000000800000000)
  region size 2048K, 40 young (81920K), 7 survivors (14336K)
GC Heap Usage History (20 events):
Event: 2604.652 {heap Before GC invocations=64 (full 0):
 garbage-first heap   total reserved 4104192K, committed 403456K, used 400032K [0x0000000705800000, 0x0000000800000000)
  region size 2048K, 94 young (192512K), 5 survivors (10240K)
}
Event: 2604.674 {heap After GC invocations=65 (full 0):
 garbage-first heap   total reserved 4104192K, committed 421888K, used 158479K [0x0000000705800000, 0x0000000800000000)
  region size 2048K, 8 young (16384K), 8 survivors (16384K)
}
Event: 2667.571 {heap Before GC invocations=65 (full 0):
 garbage-first heap   total reserved 4104192K, committed 421888K, used 178959K [0x0000000705800000, 0x0000000800000000)
  region size 2048K, 19 young (38912K), 8 survivors (16384K)
}
Event: 2667.583 {heap After GC invocations=66 (full 0):
 garbage-first heap   total reserved 4104192K, committed 421888K, used 157436K [0x0000000705800000, 0x0000000800000000)
  region size 2048K, 7 young (14336K), 7 survivors (14336K)
}
Event: 2760.802 {heap Before GC invocations=67 (full 0):
 garbage-first heap   total reserved 4104192K, committed 421888K, used 388860K [0x0000000705800000, 0x0000000800000000)
  region size 2048K, 120 young (245760K), 7 survivors (14336K)
}
Event: 2760.815 {heap After GC invocations=68 (full 0):
 garbage-first heap   total reserved 4104192K, committed 421888K, used 148851K [0x0000000705800000, 0x0000000800000000)
  region size 2048K, 3 young (6144K), 3 survivors (6144K)
}
Event: 3740.759 {heap Before GC invocations=68 (full 0):
 garbage-first heap   total reserved 4104192K, committed 421888K, used 390515K [0x0000000705800000, 0x0000000800000000)
  region size 2048K, 121 young (247808K), 3 survivors (6144K)
}
Event: 3740.779 {heap After GC invocations=69 (full 0):
 garbage-first heap   total reserved 4104192K, committed 421888K, used 148012K [0x0000000705800000, 0x0000000800000000)
  region size 2048K, 3 young (6144K), 3 survivors (6144K)
}
Event: 4222.891 {heap Before GC invocations=69 (full 0):
 garbage-first heap   total reserved 4104192K, committed 421888K, used 391724K [0x0000000705800000, 0x0000000800000000)
  region size 2048K, 123 young (251904K), 3 survivors (6144K)
}
Event: 4222.898 {heap After GC invocations=70 (full 0):
 garbage-first heap   total reserved 4104192K, committed 421888K, used 149546K [0x0000000705800000, 0x0000000800000000)
  region size 2048K, 4 young (8192K), 4 survivors (8192K)
}
Event: 4531.333 {heap Before GC invocations=71 (full 0):
 garbage-first heap   total reserved 4104192K, committed 421888K, used 417834K [0x0000000705800000, 0x0000000800000000)
  region size 2048K, 120 young (245760K), 4 survivors (8192K)
}
Event: 4531.346 {heap After GC invocations=72 (full 0):
 garbage-first heap   total reserved 4104192K, committed 430080K, used 149359K [0x0000000705800000, 0x0000000800000000)
  region size 2048K, 4 young (8192K), 4 survivors (8192K)
}
Event: 4770.884 {heap Before GC invocations=72 (full 0):
 garbage-first heap   total reserved 4104192K, committed 430080K, used 425839K [0x0000000705800000, 0x0000000800000000)
  region size 2048K, 124 young (253952K), 4 survivors (8192K)
}
Event: 4770.904 {heap After GC invocations=73 (full 0):
 garbage-first heap   total reserved 4104192K, committed 444416K, used 146338K [0x0000000705800000, 0x0000000800000000)
  region size 2048K, 4 young (8192K), 4 survivors (8192K)
}
Event: 4786.065 {heap Before GC invocations=73 (full 0):
 garbage-first heap   total reserved 4104192K, committed 444416K, used 402338K [0x0000000705800000, 0x0000000800000000)
  region size 2048K, 130 young (266240K), 4 survivors (8192K)
}
Event: 4786.075 {heap After GC invocations=74 (full 0):
 garbage-first heap   total reserved 4104192K, committed 444416K, used 148098K [0x0000000705800000, 0x0000000800000000)
  region size 2048K, 5 young (10240K), 5 survivors (10240K)
}
Event: 4830.005 {heap Before GC invocations=75 (full 0):
 garbage-first heap   total reserved 4104192K, committed 444416K, used 434818K [0x0000000705800000, 0x0000000800000000)
  region size 2048K, 130 young (266240K), 5 survivors (10240K)
}
Event: 4830.013 {heap After GC invocations=76 (full 0):
 garbage-first heap   total reserved 4104192K, committed 450560K, used 150470K [0x0000000705800000, 0x0000000800000000)
  region size 2048K, 6 young (12288K), 6 survivors (12288K)
}
Event: 5003.593 {heap Before GC invocations=76 (full 0):
 garbage-first heap   total reserved 4104192K, committed 450560K, used 408518K [0x0000000705800000, 0x0000000800000000)
  region size 2048K, 132 young (270336K), 6 survivors (12288K)
}
Event: 5003.621 {heap After GC invocations=77 (full 0):
 garbage-first heap   total reserved 4104192K, committed 450560K, used 149625K [0x0000000705800000, 0x0000000800000000)
  region size 2048K, 7 young (14336K), 7 survivors (14336K)
}

